{"/Users/mikeclarkin/Documents/GitHub/obie-v4-3/src/components/BackToSearchButton.tsx": {"path":"/Users/mikeclarkin/Documents/GitHub/obie-v4-3/src/components/BackToSearchButton.tsx","statementMap":{"0":{"start":{"line":9,"column":69},"end":{"line":24,"column":null}}},"fnMap":{"0":{"name":"(anonymous_0)","decl":{"start":{"line":9,"column":69},"end":{"line":9,"column":70}},"loc":{"start":{"line":11,"column":1},"end":{"line":24,"column":null}},"line":11}},"branchMap":{},"s":{"0":1},"f":{"0":15},"b":{},"meta":{"lastBranch":0,"lastFunction":1,"lastStatement":1,"seen":{"s:9:69:24:Infinity":0,"f:9:69:9:70":0}}}
,"/Users/mikeclarkin/Documents/GitHub/obie-v4-3/src/components/FooterControls.tsx": {"path":"/Users/mikeclarkin/Documents/GitHub/obie-v4-3/src/components/FooterControls.tsx","statementMap":{"0":{"start":{"line":26,"column":30},"end":{"line":41,"column":null}},"1":{"start":{"line":32,"column":10},"end":{"line":32,"column":null}},"2":{"start":{"line":33,"column":10},"end":{"line":33,"column":null}}},"fnMap":{"0":{"name":"(anonymous_0)","decl":{"start":{"line":26,"column":30},"end":{"line":26,"column":31}},"loc":{"start":{"line":26,"column":67},"end":{"line":41,"column":null}},"line":26},"1":{"name":"(anonymous_1)","decl":{"start":{"line":31,"column":17},"end":{"line":31,"column":null}},"loc":{"start":{"line":31,"column":17},"end":{"line":34,"column":null}},"line":31}},"branchMap":{},"s":{"0":1,"1":7,"2":7},"f":{"0":20,"1":7},"b":{},"meta":{"lastBranch":0,"lastFunction":2,"lastStatement":3,"seen":{"s:26:30:41:Infinity":0,"f:26:30:26:31":0,"f:31:17:31:Infinity":1,"s:32:10:32:Infinity":1,"s:33:10:33:Infinity":2}}}
,"/Users/mikeclarkin/Documents/GitHub/obie-v4-3/src/components/MiniPlayer.tsx": {"path":"/Users/mikeclarkin/Documents/GitHub/obie-v4-3/src/components/MiniPlayer.tsx","statementMap":{"0":{"start":{"line":29,"column":26},"end":{"line":51,"column":null}},"1":{"start":{"line":31,"column":2},"end":{"line":33,"column":null}},"2":{"start":{"line":32,"column":4},"end":{"line":32,"column":null}}},"fnMap":{"0":{"name":"(anonymous_0)","decl":{"start":{"line":29,"column":26},"end":{"line":29,"column":27}},"loc":{"start":{"line":29,"column":71},"end":{"line":51,"column":null}},"line":29}},"branchMap":{"0":{"loc":{"start":{"line":31,"column":2},"end":{"line":33,"column":null}},"type":"if","locations":[{"start":{"line":31,"column":2},"end":{"line":33,"column":null}},{"start":{},"end":{}}],"line":31},"1":{"loc":{"start":{"line":31,"column":6},"end":{"line":31,"column":35}},"type":"binary-expr","locations":[{"start":{"line":31,"column":6},"end":{"line":31,"column":25}},{"start":{"line":31,"column":25},"end":{"line":31,"column":35}}],"line":31}},"s":{"0":1,"1":29,"2":4},"f":{"0":29},"b":{"0":[4,25],"1":[29,26]},"meta":{"lastBranch":2,"lastFunction":1,"lastStatement":3,"seen":{"s:29:26:51:Infinity":0,"f:29:26:29:27":0,"b:31:2:33:Infinity:undefined:undefined:undefined:undefined":0,"s:31:2:33:Infinity":1,"b:31:6:31:25:31:25:31:35":1,"s:32:4:32:Infinity":2}}}
,"/Users/mikeclarkin/Documents/GitHub/obie-v4-3/src/components/NowPlayingTicker.tsx": {"path":"/Users/mikeclarkin/Documents/GitHub/obie-v4-3/src/components/NowPlayingTicker.tsx","statementMap":{"0":{"start":{"line":25,"column":32},"end":{"line":37,"column":null}}},"fnMap":{"0":{"name":"(anonymous_0)","decl":{"start":{"line":25,"column":32},"end":{"line":25,"column":33}},"loc":{"start":{"line":25,"column":76},"end":{"line":37,"column":null}},"line":25}},"branchMap":{},"s":{"0":1},"f":{"0":15},"b":{},"meta":{"lastBranch":0,"lastFunction":1,"lastStatement":1,"seen":{"s:25:32:37:Infinity":0,"f:25:32:25:33":0}}}
,"/Users/mikeclarkin/Documents/GitHub/obie-v4-3/src/components/PlayerClosedNotification.tsx": {"path":"/Users/mikeclarkin/Documents/GitHub/obie-v4-3/src/components/PlayerClosedNotification.tsx","statementMap":{"0":{"start":{"line":39,"column":40},"end":{"line":73,"column":null}},"1":{"start":{"line":45,"column":21},"end":{"line":45,"column":null}},"2":{"start":{"line":47,"column":2},"end":{"line":49,"column":null}},"3":{"start":{"line":48,"column":4},"end":{"line":48,"column":null}},"4":{"start":{"line":61,"column":16},"end":{"line":61,"column":null}},"5":{"start":{"line":62,"column":16},"end":{"line":62,"column":null}}},"fnMap":{"0":{"name":"(anonymous_0)","decl":{"start":{"line":39,"column":40},"end":{"line":39,"column":41}},"loc":{"start":{"line":43,"column":32},"end":{"line":73,"column":null}},"line":43},"1":{"name":"(anonymous_1)","decl":{"start":{"line":60,"column":23},"end":{"line":60,"column":null}},"loc":{"start":{"line":60,"column":23},"end":{"line":63,"column":null}},"line":60}},"branchMap":{"0":{"loc":{"start":{"line":45,"column":21},"end":{"line":45,"column":null}},"type":"binary-expr","locations":[{"start":{"line":45,"column":22},"end":{"line":45,"column":39}},{"start":{"line":45,"column":39},"end":{"line":45,"column":57}},{"start":{"line":45,"column":63},"end":{"line":45,"column":null}}],"line":45},"1":{"loc":{"start":{"line":47,"column":2},"end":{"line":49,"column":null}},"type":"if","locations":[{"start":{"line":47,"column":2},"end":{"line":49,"column":null}},{"start":{},"end":{}}],"line":47}},"s":{"0":1,"1":37,"2":37,"3":4,"4":8,"5":8},"f":{"0":37,"1":8},"b":{"0":[37,4,34],"1":[4,33]},"meta":{"lastBranch":2,"lastFunction":2,"lastStatement":6,"seen":{"s:39:40:73:Infinity":0,"f:39:40:39:41":0,"s:45:21:45:Infinity":1,"b:45:22:45:39:45:39:45:57:45:63:45:Infinity":0,"b:47:2:49:Infinity:undefined:undefined:undefined:undefined":1,"s:47:2:49:Infinity":2,"s:48:4:48:Infinity":3,"f:60:23:60:Infinity":1,"s:61:16:61:Infinity":4,"s:62:16:62:Infinity":5}}}
,"/Users/mikeclarkin/Documents/GitHub/obie-v4-3/src/components/SearchButton.tsx": {"path":"/Users/mikeclarkin/Documents/GitHub/obie-v4-3/src/components/SearchButton.tsx","statementMap":{"0":{"start":{"line":27,"column":28},"end":{"line":46,"column":null}},"1":{"start":{"line":32,"column":10},"end":{"line":32,"column":null}},"2":{"start":{"line":33,"column":10},"end":{"line":33,"column":null}}},"fnMap":{"0":{"name":"(anonymous_0)","decl":{"start":{"line":27,"column":28},"end":{"line":27,"column":29}},"loc":{"start":{"line":27,"column":59},"end":{"line":46,"column":null}},"line":27},"1":{"name":"(anonymous_1)","decl":{"start":{"line":31,"column":17},"end":{"line":31,"column":null}},"loc":{"start":{"line":31,"column":17},"end":{"line":34,"column":null}},"line":31}},"branchMap":{},"s":{"0":1,"1":7,"2":7},"f":{"0":22,"1":7},"b":{},"meta":{"lastBranch":0,"lastFunction":2,"lastStatement":3,"seen":{"s:27:28:46:Infinity":0,"f:27:28:27:29":0,"f:31:17:31:Infinity":1,"s:32:10:32:Infinity":1,"s:33:10:33:Infinity":2}}}
,"/Users/mikeclarkin/Documents/GitHub/obie-v4-3/src/components/SearchKeyboard.tsx": {"path":"/Users/mikeclarkin/Documents/GitHub/obie-v4-3/src/components/SearchKeyboard.tsx","statementMap":{"0":{"start":{"line":19,"column":61},"end":{"line":98,"column":null}},"1":{"start":{"line":40,"column":27},"end":{"line":40,"column":null}},"2":{"start":{"line":53,"column":31},"end":{"line":53,"column":null}},"3":{"start":{"line":67,"column":27},"end":{"line":67,"column":null}},"4":{"start":{"line":76,"column":27},"end":{"line":76,"column":null}},"5":{"start":{"line":85,"column":27},"end":{"line":85,"column":null}}},"fnMap":{"0":{"name":"(anonymous_0)","decl":{"start":{"line":19,"column":61},"end":{"line":19,"column":62}},"loc":{"start":{"line":25,"column":1},"end":{"line":98,"column":null}},"line":25},"1":{"name":"(anonymous_1)","decl":{"start":{"line":40,"column":20},"end":{"line":40,"column":21}},"loc":{"start":{"line":40,"column":27},"end":{"line":40,"column":null}},"line":40},"2":{"name":"(anonymous_2)","decl":{"start":{"line":53,"column":25},"end":{"line":53,"column":31}},"loc":{"start":{"line":53,"column":31},"end":{"line":53,"column":null}},"line":53},"3":{"name":"(anonymous_3)","decl":{"start":{"line":67,"column":21},"end":{"line":67,"column":27}},"loc":{"start":{"line":67,"column":27},"end":{"line":67,"column":null}},"line":67},"4":{"name":"(anonymous_4)","decl":{"start":{"line":76,"column":21},"end":{"line":76,"column":27}},"loc":{"start":{"line":76,"column":27},"end":{"line":76,"column":null}},"line":76},"5":{"name":"(anonymous_5)","decl":{"start":{"line":85,"column":21},"end":{"line":85,"column":27}},"loc":{"start":{"line":85,"column":27},"end":{"line":85,"column":null}},"line":85}},"branchMap":{"0":{"loc":{"start":{"line":23,"column":2},"end":{"line":23,"column":28}},"type":"default-arg","locations":[{"start":{"line":23,"column":10},"end":{"line":23,"column":28}}],"line":23},"1":{"loc":{"start":{"line":24,"column":2},"end":{"line":24,"column":91}},"type":"default-arg","locations":[{"start":{"line":24,"column":16},"end":{"line":24,"column":91}}],"line":24}},"s":{"0":1,"1":0,"2":5,"3":1,"4":1,"5":1},"f":{"0":19,"1":0,"2":5,"3":1,"4":1,"5":1},"b":{"0":[19],"1":[19]},"meta":{"lastBranch":2,"lastFunction":6,"lastStatement":6,"seen":{"s:19:61:98:Infinity":0,"f:19:61:19:62":0,"b:23:10:23:28":0,"b:24:16:24:91":1,"f:40:20:40:21":1,"s:40:27:40:Infinity":1,"f:53:25:53:31":2,"s:53:31:53:Infinity":2,"f:67:21:67:27":3,"s:67:27:67:Infinity":3,"f:76:21:76:27":4,"s:76:27:76:Infinity":4,"f:85:21:85:27":5,"s:85:27:85:Infinity":5}}}
,"/Users/mikeclarkin/Documents/GitHub/obie-v4-3/src/components/UpcomingQueue.tsx": {"path":"/Users/mikeclarkin/Documents/GitHub/obie-v4-3/src/components/UpcomingQueue.tsx","statementMap":{"0":{"start":{"line":32,"column":29},"end":{"line":67,"column":null}}},"fnMap":{"0":{"name":"(anonymous_0)","decl":{"start":{"line":32,"column":29},"end":{"line":32,"column":30}},"loc":{"start":{"line":32,"column":86},"end":{"line":67,"column":null}},"line":32}},"branchMap":{"0":{"loc":{"start":{"line":32,"column":48},"end":{"line":32,"column":64}},"type":"default-arg","locations":[{"start":{"line":32,"column":59},"end":{"line":32,"column":64}}],"line":32},"1":{"loc":{"start":{"line":52,"column":52},"end":{"line":52,"column":77}},"type":"binary-expr","locations":[{"start":{"line":52,"column":52},"end":{"line":52,"column":69}},{"start":{"line":52,"column":73},"end":{"line":52,"column":77}}],"line":52}},"s":{"0":1},"f":{"0":22},"b":{"0":[22],"1":[22,1]},"meta":{"lastBranch":2,"lastFunction":1,"lastStatement":1,"seen":{"s:32:29:67:Infinity":0,"f:32:29:32:30":0,"b:32:59:32:64":0,"b:52:52:52:69:52:73:52:77":1}}}
,"/Users/mikeclarkin/Documents/GitHub/obie-v4-3/src/components/VideoResultCard.tsx": {"path":"/Users/mikeclarkin/Documents/GitHub/obie-v4-3/src/components/VideoResultCard.tsx","statementMap":{"0":{"start":{"line":10,"column":63},"end":{"line":67,"column":null}},"1":{"start":{"line":15,"column":2},"end":{"line":40,"column":null}},"2":{"start":{"line":19,"column":23},"end":{"line":19,"column":null}},"3":{"start":{"line":45,"column":21},"end":{"line":45,"column":null}}},"fnMap":{"0":{"name":"(anonymous_0)","decl":{"start":{"line":10,"column":63},"end":{"line":10,"column":64}},"loc":{"start":{"line":14,"column":1},"end":{"line":67,"column":null}},"line":14},"1":{"name":"(anonymous_1)","decl":{"start":{"line":19,"column":17},"end":{"line":19,"column":23}},"loc":{"start":{"line":19,"column":23},"end":{"line":19,"column":null}},"line":19},"2":{"name":"(anonymous_2)","decl":{"start":{"line":45,"column":15},"end":{"line":45,"column":21}},"loc":{"start":{"line":45,"column":21},"end":{"line":45,"column":null}},"line":45}},"branchMap":{"0":{"loc":{"start":{"line":13,"column":2},"end":{"line":13,"column":18}},"type":"default-arg","locations":[{"start":{"line":13,"column":12},"end":{"line":13,"column":18}}],"line":13},"1":{"loc":{"start":{"line":15,"column":2},"end":{"line":40,"column":null}},"type":"if","locations":[{"start":{"line":15,"column":2},"end":{"line":40,"column":null}},{"start":{},"end":{}}],"line":15}},"s":{"0":1,"1":19,"2":1,"3":1},"f":{"0":19,"1":1,"2":1},"b":{"0":[19],"1":[9,10]},"meta":{"lastBranch":2,"lastFunction":3,"lastStatement":4,"seen":{"s:10:63:67:Infinity":0,"f:10:63:10:64":0,"b:13:12:13:18":0,"b:15:2:40:Infinity:undefined:undefined:undefined:undefined":1,"s:15:2:40:Infinity":1,"f:19:17:19:23":1,"s:19:23:19:Infinity":2,"f:45:15:45:21":2,"s:45:21:45:Infinity":3}}}
,"/Users/mikeclarkin/Documents/GitHub/obie-v4-3/src/components/ui/button.tsx": {"path":"/Users/mikeclarkin/Documents/GitHub/obie-v4-3/src/components/ui/button.tsx","statementMap":{"0":{"start":{"line":7,"column":6},"end":{"line":33,"column":null}},"1":{"start":{"line":42,"column":15},"end":{"line":52,"column":null}},"2":{"start":{"line":44,"column":17},"end":{"line":44,"column":null}},"3":{"start":{"line":54,"column":0},"end":{"line":54,"column":null}}},"fnMap":{"0":{"name":"(anonymous_0)","decl":{"start":{"line":43,"column":2},"end":{"line":43,"column":3}},"loc":{"start":{"line":43,"column":60},"end":{"line":52,"column":null}},"line":43}},"branchMap":{"0":{"loc":{"start":{"line":43,"column":31},"end":{"line":43,"column":46}},"type":"default-arg","locations":[{"start":{"line":43,"column":41},"end":{"line":43,"column":46}}],"line":43},"1":{"loc":{"start":{"line":44,"column":17},"end":{"line":44,"column":null}},"type":"cond-expr","locations":[{"start":{"line":44,"column":27},"end":{"line":44,"column":34}},{"start":{"line":44,"column":34},"end":{"line":44,"column":null}}],"line":44}},"s":{"0":5,"1":5,"2":831,"3":5},"f":{"0":831},"b":{"0":[831],"1":[0,831]},"meta":{"lastBranch":2,"lastFunction":1,"lastStatement":4,"seen":{"s:7:6:33:Infinity":0,"s:42:15:52:Infinity":1,"f:43:2:43:3":0,"b:43:41:43:46":0,"s:44:17:44:Infinity":2,"b:44:27:44:34:44:34:44:Infinity":1,"s:54:0:54:Infinity":3}}}
,"/Users/mikeclarkin/Documents/GitHub/obie-v4-3/src/components/ui/card.tsx": {"path":"/Users/mikeclarkin/Documents/GitHub/obie-v4-3/src/components/ui/card.tsx","statementMap":{"0":{"start":{"line":18,"column":0},"end":{"line":18,"column":null}},"1":{"start":{"line":30,"column":0},"end":{"line":30,"column":null}},"2":{"start":{"line":45,"column":0},"end":{"line":45,"column":null}},"3":{"start":{"line":57,"column":0},"end":{"line":57,"column":null}},"4":{"start":{"line":65,"column":0},"end":{"line":65,"column":null}},"5":{"start":{"line":77,"column":0},"end":{"line":77,"column":null}}},"fnMap":{},"branchMap":{},"s":{"0":3,"1":3,"2":3,"3":3,"4":3,"5":3},"f":{},"b":{},"meta":{"lastBranch":0,"lastFunction":0,"lastStatement":6,"seen":{"s:18:0:18:Infinity":0,"s:30:0:30:Infinity":1,"s:45:0:45:Infinity":2,"s:57:0:57:Infinity":3,"s:65:0:65:Infinity":4,"s:77:0:77:Infinity":5}}}
,"/Users/mikeclarkin/Documents/GitHub/obie-v4-3/src/components/ui/dialog.tsx": {"path":"/Users/mikeclarkin/Documents/GitHub/obie-v4-3/src/components/ui/dialog.tsx","statementMap":{"0":{"start":{"line":7,"column":15},"end":{"line":7,"column":35}},"1":{"start":{"line":9,"column":22},"end":{"line":9,"column":45}},"2":{"start":{"line":11,"column":21},"end":{"line":11,"column":43}},"3":{"start":{"line":13,"column":20},"end":{"line":13,"column":41}},"4":{"start":{"line":28,"column":0},"end":{"line":28,"column":null}},"5":{"start":{"line":52,"column":0},"end":{"line":52,"column":null}},"6":{"start":{"line":66,"column":0},"end":{"line":66,"column":null}},"7":{"start":{"line":80,"column":0},"end":{"line":80,"column":null}},"8":{"start":{"line":95,"column":0},"end":{"line":95,"column":null}},"9":{"start":{"line":107,"column":0},"end":{"line":107,"column":null}}},"fnMap":{},"branchMap":{},"s":{"0":1,"1":1,"2":1,"3":1,"4":1,"5":1,"6":1,"7":1,"8":1,"9":1},"f":{},"b":{},"meta":{"lastBranch":0,"lastFunction":0,"lastStatement":10,"seen":{"s:7:15:7:35":0,"s:9:22:9:45":1,"s:11:21:11:43":2,"s:13:20:13:41":3,"s:28:0:28:Infinity":4,"s:52:0:52:Infinity":5,"s:66:0:66:Infinity":6,"s:80:0:80:Infinity":7,"s:95:0:95:Infinity":8,"s:107:0:107:Infinity":9}}}
,"/Users/mikeclarkin/Documents/GitHub/obie-v4-3/src/components/ui/input.tsx": {"path":"/Users/mikeclarkin/Documents/GitHub/obie-v4-3/src/components/ui/input.tsx","statementMap":{"0":{"start":{"line":5,"column":14},"end":{"line":18,"column":null}},"1":{"start":{"line":20,"column":0},"end":{"line":20,"column":null}}},"fnMap":{"0":{"name":"(anonymous_0)","decl":{"start":{"line":6,"column":2},"end":{"line":6,"column":3}},"loc":{"start":{"line":6,"column":34},"end":{"line":18,"column":null}},"line":6}},"branchMap":{},"s":{"0":1,"1":1},"f":{"0":19},"b":{},"meta":{"lastBranch":0,"lastFunction":1,"lastStatement":2,"seen":{"s:5:14:18:Infinity":0,"f:6:2:6:3":0,"s:20:0:20:Infinity":1}}}
,"/Users/mikeclarkin/Documents/GitHub/obie-v4-3/src/constants/keyboard.ts": {"path":"/Users/mikeclarkin/Documents/GitHub/obie-v4-3/src/constants/keyboard.ts","statementMap":{"0":{"start":{"line":6,"column":29},"end":{"line":11,"column":null}},"1":{"start":{"line":13,"column":28},"end":{"line":17,"column":null}}},"fnMap":{},"branchMap":{},"s":{"0":1,"1":1},"f":{},"b":{},"meta":{"lastBranch":0,"lastFunction":0,"lastStatement":2,"seen":{"s:6:29:11:Infinity":0,"s:13:28:17:Infinity":1}}}
,"/Users/mikeclarkin/Documents/GitHub/obie-v4-3/src/hooks/useDisplayConfirmation.tsx": {"path":"/Users/mikeclarkin/Documents/GitHub/obie-v4-3/src/hooks/useDisplayConfirmation.tsx","statementMap":{"0":{"start":{"line":62,"column":38},"end":{"line":112,"column":null}},"1":{"start":{"line":63,"column":67},"end":{"line":64,"column":null}},"2":{"start":{"line":70,"column":8},"end":{"line":78,"column":null}},"3":{"start":{"line":76,"column":6},"end":{"line":76,"column":null}},"4":{"start":{"line":85,"column":8},"end":{"line":92,"column":null}},"5":{"start":{"line":87,"column":6},"end":{"line":90,"column":null}},"6":{"start":{"line":88,"column":8},"end":{"line":88,"column":null}},"7":{"start":{"line":89,"column":8},"end":{"line":89,"column":null}},"8":{"start":{"line":99,"column":8},"end":{"line":104,"column":null}},"9":{"start":{"line":100,"column":4},"end":{"line":103,"column":null}},"10":{"start":{"line":101,"column":6},"end":{"line":101,"column":null}},"11":{"start":{"line":102,"column":6},"end":{"line":102,"column":null}},"12":{"start":{"line":106,"column":2},"end":{"line":111,"column":null}}},"fnMap":{"0":{"name":"(anonymous_0)","decl":{"start":{"line":62,"column":38},"end":{"line":62,"column":null}},"loc":{"start":{"line":62,"column":38},"end":{"line":112,"column":null}},"line":62},"1":{"name":"(anonymous_1)","decl":{"start":{"line":71,"column":4},"end":{"line":71,"column":null}},"loc":{"start":{"line":74,"column":6},"end":{"line":77,"column":null}},"line":74},"2":{"name":"(anonymous_2)","decl":{"start":{"line":86,"column":4},"end":{"line":86,"column":5}},"loc":{"start":{"line":86,"column":29},"end":{"line":91,"column":null}},"line":86},"3":{"name":"(anonymous_3)","decl":{"start":{"line":99,"column":54},"end":{"line":99,"column":null}},"loc":{"start":{"line":99,"column":54},"end":{"line":104,"column":5}},"line":99}},"branchMap":{"0":{"loc":{"start":{"line":87,"column":6},"end":{"line":90,"column":null}},"type":"if","locations":[{"start":{"line":87,"column":6},"end":{"line":90,"column":null}},{"start":{},"end":{}}],"line":87},"1":{"loc":{"start":{"line":100,"column":4},"end":{"line":103,"column":null}},"type":"if","locations":[{"start":{"line":100,"column":4},"end":{"line":103,"column":null}},{"start":{},"end":{}}],"line":100}},"s":{"0":1,"1":56,"2":56,"3":19,"4":56,"5":12,"6":10,"7":10,"8":56,"9":6,"10":4,"11":4,"12":56},"f":{"0":56,"1":19,"2":12,"3":6},"b":{"0":[10,2],"1":[4,2]},"meta":{"lastBranch":2,"lastFunction":4,"lastStatement":13,"seen":{"s:62:38:112:Infinity":0,"f:62:38:62:Infinity":0,"s:63:67:64:Infinity":1,"s:70:8:78:Infinity":2,"f:71:4:71:Infinity":1,"s:76:6:76:Infinity":3,"s:85:8:92:Infinity":4,"f:86:4:86:5":2,"b:87:6:90:Infinity:undefined:undefined:undefined:undefined":0,"s:87:6:90:Infinity":5,"s:88:8:88:Infinity":6,"s:89:8:89:Infinity":7,"s:99:8:104:Infinity":8,"f:99:54:99:Infinity":3,"b:100:4:103:Infinity:undefined:undefined:undefined:undefined":1,"s:100:4:103:Infinity":9,"s:101:6:101:Infinity":10,"s:102:6:102:Infinity":11,"s:106:2:111:Infinity":12}}}
,"/Users/mikeclarkin/Documents/GitHub/obie-v4-3/src/hooks/usePlayerInitialization.tsx": {"path":"/Users/mikeclarkin/Documents/GitHub/obie-v4-3/src/hooks/usePlayerInitialization.tsx","statementMap":{"0":{"start":{"line":38,"column":39},"end":{"line":145,"column":null}},"1":{"start":{"line":44,"column":8},"end":{"line":44,"column":null}},"2":{"start":{"line":54,"column":3},"end":{"line":132,"column":null}},"3":{"start":{"line":56,"column":4},"end":{"line":65,"column":null}},"4":{"start":{"line":68,"column":4},"end":{"line":122,"column":null}},"5":{"start":{"line":76,"column":8},"end":{"line":78,"column":null}},"6":{"start":{"line":80,"column":6},"end":{"line":115,"column":null}},"7":{"start":{"line":81,"column":8},"end":{"line":81,"column":null}},"8":{"start":{"line":83,"column":8},"end":{"line":83,"column":null}},"9":{"start":{"line":84,"column":8},"end":{"line":88,"column":null}},"10":{"start":{"line":92,"column":10},"end":{"line":94,"column":32}},"11":{"start":{"line":96,"column":8},"end":{"line":114,"column":null}},"12":{"start":{"line":97,"column":10},"end":{"line":97,"column":null}},"13":{"start":{"line":99,"column":10},"end":{"line":109,"column":null}},"14":{"start":{"line":102,"column":14},"end":{"line":102,"column":null}},"15":{"start":{"line":102,"column":31},"end":{"line":102,"column":47}},"16":{"start":{"line":105,"column":14},"end":{"line":105,"column":null}},"17":{"start":{"line":106,"column":14},"end":{"line":106,"column":null}},"18":{"start":{"line":108,"column":14},"end":{"line":108,"column":null}},"19":{"start":{"line":108,"column":31},"end":{"line":108,"column":47}},"20":{"start":{"line":112,"column":10},"end":{"line":112,"column":null}},"21":{"start":{"line":113,"column":10},"end":{"line":113,"column":null}},"22":{"start":{"line":113,"column":27},"end":{"line":113,"column":43}},"23":{"start":{"line":116,"column":11},"end":{"line":122,"column":null}},"24":{"start":{"line":118,"column":6},"end":{"line":121,"column":null}},"25":{"start":{"line":119,"column":8},"end":{"line":119,"column":null}},"26":{"start":{"line":120,"column":8},"end":{"line":120,"column":null}},"27":{"start":{"line":137,"column":3},"end":{"line":144,"column":null}},"28":{"start":{"line":140,"column":4},"end":{"line":143,"column":null}},"29":{"start":{"line":141,"column":6},"end":{"line":141,"column":null}},"30":{"start":{"line":142,"column":6},"end":{"line":142,"column":null}}},"fnMap":{"0":{"name":"(anonymous_0)","decl":{"start":{"line":38,"column":39},"end":{"line":38,"column":40}},"loc":{"start":{"line":42,"column":33},"end":{"line":145,"column":null}},"line":42},"1":{"name":"(anonymous_1)","decl":{"start":{"line":55,"column":12},"end":{"line":55,"column":null}},"loc":{"start":{"line":55,"column":12},"end":{"line":123,"column":5}},"line":55},"2":{"name":"(anonymous_2)","decl":{"start":{"line":100,"column":18},"end":{"line":100,"column":null}},"loc":{"start":{"line":100,"column":18},"end":{"line":103,"column":null}},"line":100},"3":{"name":"(anonymous_3)","decl":{"start":{"line":102,"column":25},"end":{"line":102,"column":31}},"loc":{"start":{"line":102,"column":31},"end":{"line":102,"column":47}},"line":102},"4":{"name":"(anonymous_4)","decl":{"start":{"line":104,"column":19},"end":{"line":104,"column":20}},"loc":{"start":{"line":104,"column":20},"end":{"line":109,"column":null}},"line":104},"5":{"name":"(anonymous_5)","decl":{"start":{"line":108,"column":25},"end":{"line":108,"column":31}},"loc":{"start":{"line":108,"column":31},"end":{"line":108,"column":47}},"line":108},"6":{"name":"(anonymous_6)","decl":{"start":{"line":113,"column":21},"end":{"line":113,"column":27}},"loc":{"start":{"line":113,"column":27},"end":{"line":113,"column":43}},"line":113},"7":{"name":"(anonymous_7)","decl":{"start":{"line":138,"column":12},"end":{"line":138,"column":null}},"loc":{"start":{"line":138,"column":12},"end":{"line":144,"column":5}},"line":138}},"branchMap":{"0":{"loc":{"start":{"line":68,"column":4},"end":{"line":122,"column":null}},"type":"if","locations":[{"start":{"line":68,"column":4},"end":{"line":122,"column":null}},{"start":{"line":116,"column":11},"end":{"line":122,"column":null}}],"line":68},"1":{"loc":{"start":{"line":69,"column":6},"end":{"line":71,"column":27}},"type":"binary-expr","locations":[{"start":{"line":69,"column":6},"end":{"line":69,"column":null}},{"start":{"line":70,"column":6},"end":{"line":70,"column":null}},{"start":{"line":71,"column":6},"end":{"line":71,"column":27}}],"line":69},"2":{"loc":{"start":{"line":76,"column":8},"end":{"line":78,"column":null}},"type":"binary-expr","locations":[{"start":{"line":76,"column":9},"end":{"line":76,"column":52}},{"start":{"line":76,"column":52},"end":{"line":76,"column":80}},{"start":{"line":77,"column":8},"end":{"line":77,"column":39}},{"start":{"line":78,"column":8},"end":{"line":78,"column":null}}],"line":76},"3":{"loc":{"start":{"line":80,"column":6},"end":{"line":115,"column":null}},"type":"if","locations":[{"start":{"line":80,"column":6},"end":{"line":115,"column":null}},{"start":{},"end":{}}],"line":80},"4":{"loc":{"start":{"line":92,"column":10},"end":{"line":94,"column":32}},"type":"binary-expr","locations":[{"start":{"line":92,"column":10},"end":{"line":92,"column":29}},{"start":{"line":93,"column":10},"end":{"line":93,"column":35}},{"start":{"line":94,"column":10},"end":{"line":94,"column":32}}],"line":92},"5":{"loc":{"start":{"line":96,"column":8},"end":{"line":114,"column":null}},"type":"if","locations":[{"start":{"line":96,"column":8},"end":{"line":114,"column":null}},{"start":{"line":110,"column":15},"end":{"line":114,"column":null}}],"line":96},"6":{"loc":{"start":{"line":116,"column":11},"end":{"line":122,"column":null}},"type":"if","locations":[{"start":{"line":116,"column":11},"end":{"line":122,"column":null}},{"start":{},"end":{}}],"line":116},"7":{"loc":{"start":{"line":118,"column":6},"end":{"line":121,"column":null}},"type":"if","locations":[{"start":{"line":118,"column":6},"end":{"line":121,"column":null}},{"start":{},"end":{}}],"line":118},"8":{"loc":{"start":{"line":140,"column":4},"end":{"line":143,"column":null}},"type":"if","locations":[{"start":{"line":140,"column":4},"end":{"line":143,"column":null}},{"start":{},"end":{}}],"line":140},"9":{"loc":{"start":{"line":140,"column":8},"end":{"line":140,"column":79}},"type":"binary-expr","locations":[{"start":{"line":140,"column":8},"end":{"line":140,"column":38}},{"start":{"line":140,"column":42},"end":{"line":140,"column":79}}],"line":140}},"s":{"0":1,"1":27,"2":27,"3":23,"4":23,"5":18,"6":18,"7":16,"8":16,"9":16,"10":16,"11":16,"12":6,"13":6,"14":5,"15":5,"16":1,"17":1,"18":1,"19":1,"20":10,"21":10,"22":10,"23":5,"24":3,"25":2,"26":2,"27":27,"28":23,"29":0,"30":0},"f":{"0":27,"1":23,"2":5,"3":5,"4":1,"5":1,"6":10,"7":23},"b":{"0":[18,5],"1":[23,20,19],"2":[18,3,16,16],"3":[16,2],"4":[16,12,11],"5":[6,10],"6":[3,2],"7":[2,1],"8":[0,23],"9":[23,16]},"meta":{"lastBranch":10,"lastFunction":8,"lastStatement":31,"seen":{"s:38:39:145:Infinity":0,"f:38:39:38:40":0,"s:44:8:44:Infinity":1,"s:54:3:132:Infinity":2,"f:55:12:55:Infinity":1,"s:56:4:65:Infinity":3,"b:68:4:122:Infinity:116:11:122:Infinity":0,"s:68:4:122:Infinity":4,"b:69:6:69:Infinity:70:6:70:Infinity:71:6:71:27":1,"s:76:8:78:Infinity":5,"b:76:9:76:52:76:52:76:80:77:8:77:39:78:8:78:Infinity":2,"b:80:6:115:Infinity:undefined:undefined:undefined:undefined":3,"s:80:6:115:Infinity":6,"s:81:8:81:Infinity":7,"s:83:8:83:Infinity":8,"s:84:8:88:Infinity":9,"s:92:10:94:32":10,"b:92:10:92:29:93:10:93:35:94:10:94:32":4,"b:96:8:114:Infinity:110:15:114:Infinity":5,"s:96:8:114:Infinity":11,"s:97:10:97:Infinity":12,"s:99:10:109:Infinity":13,"f:100:18:100:Infinity":2,"s:102:14:102:Infinity":14,"f:102:25:102:31":3,"s:102:31:102:47":15,"f:104:19:104:20":4,"s:105:14:105:Infinity":16,"s:106:14:106:Infinity":17,"s:108:14:108:Infinity":18,"f:108:25:108:31":5,"s:108:31:108:47":19,"s:112:10:112:Infinity":20,"s:113:10:113:Infinity":21,"f:113:21:113:27":6,"s:113:27:113:43":22,"b:116:11:122:Infinity:undefined:undefined:undefined:undefined":6,"s:116:11:122:Infinity":23,"b:118:6:121:Infinity:undefined:undefined:undefined:undefined":7,"s:118:6:121:Infinity":24,"s:119:8:119:Infinity":25,"s:120:8:120:Infinity":26,"s:137:3:144:Infinity":27,"f:138:12:138:Infinity":7,"b:140:4:143:Infinity:undefined:undefined:undefined:undefined":8,"s:140:4:143:Infinity":28,"b:140:8:140:38:140:42:140:79":9,"s:141:6:141:Infinity":29,"s:142:6:142:Infinity":30}}}
,"/Users/mikeclarkin/Documents/GitHub/obie-v4-3/src/hooks/useStorageSync.tsx": {"path":"/Users/mikeclarkin/Documents/GitHub/obie-v4-3/src/hooks/useStorageSync.tsx","statementMap":{"0":{"start":{"line":47,"column":30},"end":{"line":318,"column":null}},"1":{"start":{"line":55,"column":8},"end":{"line":55,"column":null}},"2":{"start":{"line":56,"column":8},"end":{"line":56,"column":null}},"3":{"start":{"line":59,"column":2},"end":{"line":61,"column":null}},"4":{"start":{"line":60,"column":4},"end":{"line":60,"column":null}},"5":{"start":{"line":63,"column":2},"end":{"line":65,"column":null}},"6":{"start":{"line":64,"column":4},"end":{"line":64,"column":null}},"7":{"start":{"line":71,"column":8},"end":{"line":246,"column":null}},"8":{"start":{"line":74,"column":6},"end":{"line":223,"column":null}},"9":{"start":{"line":75,"column":23},"end":{"line":75,"column":null}},"10":{"start":{"line":76,"column":29},"end":{"line":76,"column":45}},"11":{"start":{"line":77,"column":8},"end":{"line":77,"column":null}},"12":{"start":{"line":78,"column":8},"end":{"line":78,"column":null}},"13":{"start":{"line":81,"column":8},"end":{"line":95,"column":null}},"14":{"start":{"line":82,"column":29},"end":{"line":82,"column":null}},"15":{"start":{"line":83,"column":10},"end":{"line":83,"column":null}},"16":{"start":{"line":85,"column":10},"end":{"line":89,"column":null}},"17":{"start":{"line":85,"column":30},"end":{"line":89,"column":null}},"18":{"start":{"line":92,"column":10},"end":{"line":94,"column":null}},"19":{"start":{"line":93,"column":12},"end":{"line":93,"column":null}},"20":{"start":{"line":93,"column":32},"end":{"line":93,"column":null}},"21":{"start":{"line":98,"column":8},"end":{"line":136,"column":null}},"22":{"start":{"line":99,"column":32},"end":{"line":99,"column":59}},"23":{"start":{"line":100,"column":10},"end":{"line":100,"column":null}},"24":{"start":{"line":102,"column":10},"end":{"line":135,"column":null}},"25":{"start":{"line":103,"column":12},"end":{"line":103,"column":null}},"26":{"start":{"line":105,"column":12},"end":{"line":109,"column":null}},"27":{"start":{"line":105,"column":32},"end":{"line":109,"column":null}},"28":{"start":{"line":112,"column":12},"end":{"line":120,"column":null}},"29":{"start":{"line":113,"column":14},"end":{"line":113,"column":null}},"30":{"start":{"line":114,"column":14},"end":{"line":114,"column":null}},"31":{"start":{"line":117,"column":14},"end":{"line":119,"column":null}},"32":{"start":{"line":118,"column":16},"end":{"line":118,"column":null}},"33":{"start":{"line":118,"column":36},"end":{"line":118,"column":null}},"34":{"start":{"line":123,"column":12},"end":{"line":132,"column":null}},"35":{"start":{"line":124,"column":14},"end":{"line":131,"column":null}},"36":{"start":{"line":125,"column":16},"end":{"line":129,"column":null}},"37":{"start":{"line":126,"column":18},"end":{"line":126,"column":null}},"38":{"start":{"line":127,"column":18},"end":{"line":127,"column":null}},"39":{"start":{"line":128,"column":18},"end":{"line":128,"column":null}},"40":{"start":{"line":130,"column":16},"end":{"line":130,"column":null}},"41":{"start":{"line":134,"column":12},"end":{"line":134,"column":null}},"42":{"start":{"line":139,"column":8},"end":{"line":174,"column":null}},"43":{"start":{"line":140,"column":32},"end":{"line":140,"column":41}},"44":{"start":{"line":141,"column":10},"end":{"line":141,"column":null}},"45":{"start":{"line":143,"column":10},"end":{"line":173,"column":null}},"46":{"start":{"line":144,"column":12},"end":{"line":144,"column":null}},"47":{"start":{"line":146,"column":12},"end":{"line":150,"column":null}},"48":{"start":{"line":146,"column":32},"end":{"line":150,"column":null}},"49":{"start":{"line":152,"column":12},"end":{"line":160,"column":null}},"50":{"start":{"line":153,"column":14},"end":{"line":153,"column":null}},"51":{"start":{"line":154,"column":14},"end":{"line":154,"column":null}},"52":{"start":{"line":157,"column":14},"end":{"line":159,"column":null}},"53":{"start":{"line":158,"column":16},"end":{"line":158,"column":null}},"54":{"start":{"line":158,"column":36},"end":{"line":158,"column":null}},"55":{"start":{"line":163,"column":12},"end":{"line":172,"column":null}},"56":{"start":{"line":164,"column":14},"end":{"line":171,"column":null}},"57":{"start":{"line":165,"column":16},"end":{"line":169,"column":null}},"58":{"start":{"line":166,"column":18},"end":{"line":166,"column":null}},"59":{"start":{"line":167,"column":18},"end":{"line":167,"column":null}},"60":{"start":{"line":168,"column":18},"end":{"line":168,"column":null}},"61":{"start":{"line":170,"column":16},"end":{"line":170,"column":null}},"62":{"start":{"line":177,"column":8},"end":{"line":217,"column":null}},"63":{"start":{"line":178,"column":32},"end":{"line":178,"column":41}},"64":{"start":{"line":179,"column":10},"end":{"line":179,"column":null}},"65":{"start":{"line":181,"column":10},"end":{"line":216,"column":null}},"66":{"start":{"line":182,"column":12},"end":{"line":182,"column":null}},"67":{"start":{"line":184,"column":12},"end":{"line":186,"column":null}},"68":{"start":{"line":189,"column":12},"end":{"line":193,"column":null}},"69":{"start":{"line":189,"column":32},"end":{"line":193,"column":null}},"70":{"start":{"line":195,"column":12},"end":{"line":203,"column":null}},"71":{"start":{"line":196,"column":14},"end":{"line":196,"column":null}},"72":{"start":{"line":197,"column":14},"end":{"line":197,"column":null}},"73":{"start":{"line":200,"column":14},"end":{"line":202,"column":null}},"74":{"start":{"line":201,"column":16},"end":{"line":201,"column":null}},"75":{"start":{"line":201,"column":36},"end":{"line":201,"column":null}},"76":{"start":{"line":206,"column":12},"end":{"line":215,"column":23}},"77":{"start":{"line":207,"column":14},"end":{"line":214,"column":null}},"78":{"start":{"line":208,"column":16},"end":{"line":212,"column":null}},"79":{"start":{"line":209,"column":18},"end":{"line":209,"column":null}},"80":{"start":{"line":210,"column":18},"end":{"line":210,"column":null}},"81":{"start":{"line":211,"column":18},"end":{"line":211,"column":null}},"82":{"start":{"line":213,"column":16},"end":{"line":213,"column":null}},"83":{"start":{"line":220,"column":8},"end":{"line":222,"column":null}},"84":{"start":{"line":221,"column":10},"end":{"line":221,"column":null}},"85":{"start":{"line":226,"column":6},"end":{"line":244,"column":null}},"86":{"start":{"line":227,"column":24},"end":{"line":227,"column":null}},"87":{"start":{"line":229,"column":8},"end":{"line":243,"column":null}},"88":{"start":{"line":230,"column":10},"end":{"line":230,"column":null}},"89":{"start":{"line":232,"column":29},"end":{"line":232,"column":null}},"90":{"start":{"line":233,"column":10},"end":{"line":237,"column":null}},"91":{"start":{"line":233,"column":30},"end":{"line":237,"column":null}},"92":{"start":{"line":240,"column":10},"end":{"line":242,"column":null}},"93":{"start":{"line":241,"column":12},"end":{"line":241,"column":null}},"94":{"start":{"line":241,"column":32},"end":{"line":241,"column":null}},"95":{"start":{"line":254,"column":3},"end":{"line":281,"column":null}},"96":{"start":{"line":256,"column":4},"end":{"line":256,"column":null}},"97":{"start":{"line":259,"column":21},"end":{"line":259,"column":null}},"98":{"start":{"line":260,"column":25},"end":{"line":275,"column":13}},"99":{"start":{"line":261,"column":28},"end":{"line":261,"column":null}},"100":{"start":{"line":262,"column":6},"end":{"line":274,"column":null}},"101":{"start":{"line":263,"column":8},"end":{"line":263,"column":null}},"102":{"start":{"line":264,"column":8},"end":{"line":273,"column":null}},"103":{"start":{"line":266,"column":10},"end":{"line":272,"column":null}},"104":{"start":{"line":277,"column":4},"end":{"line":280,"column":null}},"105":{"start":{"line":278,"column":6},"end":{"line":278,"column":null}},"106":{"start":{"line":279,"column":6},"end":{"line":279,"column":null}},"107":{"start":{"line":286,"column":3},"end":{"line":317,"column":null}},"108":{"start":{"line":288,"column":42},"end":{"line":310,"column":null}},"109":{"start":{"line":289,"column":6},"end":{"line":289,"column":null}},"110":{"start":{"line":290,"column":27},"end":{"line":290,"column":39}},"111":{"start":{"line":292,"column":6},"end":{"line":309,"column":null}},"112":{"start":{"line":293,"column":8},"end":{"line":298,"column":null}},"113":{"start":{"line":293,"column":28},"end":{"line":298,"column":null}},"114":{"start":{"line":300,"column":8},"end":{"line":306,"column":null}},"115":{"start":{"line":301,"column":10},"end":{"line":305,"column":null}},"116":{"start":{"line":308,"column":8},"end":{"line":308,"column":null}},"117":{"start":{"line":312,"column":4},"end":{"line":312,"column":null}},"118":{"start":{"line":314,"column":4},"end":{"line":316,"column":null}},"119":{"start":{"line":315,"column":6},"end":{"line":315,"column":null}}},"fnMap":{"0":{"name":"(anonymous_0)","decl":{"start":{"line":47,"column":30},"end":{"line":47,"column":31}},"loc":{"start":{"line":53,"column":24},"end":{"line":318,"column":null}},"line":53},"1":{"name":"(anonymous_1)","decl":{"start":{"line":59,"column":12},"end":{"line":59,"column":null}},"loc":{"start":{"line":59,"column":12},"end":{"line":61,"column":5}},"line":59},"2":{"name":"(anonymous_2)","decl":{"start":{"line":63,"column":12},"end":{"line":63,"column":null}},"loc":{"start":{"line":63,"column":12},"end":{"line":65,"column":5}},"line":63},"3":{"name":"(anonymous_3)","decl":{"start":{"line":72,"column":4},"end":{"line":72,"column":5}},"loc":{"start":{"line":72,"column":5},"end":{"line":245,"column":null}},"line":72},"4":{"name":"(anonymous_4)","decl":{"start":{"line":85,"column":19},"end":{"line":85,"column":20}},"loc":{"start":{"line":85,"column":30},"end":{"line":89,"column":null}},"line":85},"5":{"name":"(anonymous_5)","decl":{"start":{"line":92,"column":21},"end":{"line":92,"column":null}},"loc":{"start":{"line":92,"column":21},"end":{"line":94,"column":13}},"line":92},"6":{"name":"(anonymous_6)","decl":{"start":{"line":93,"column":21},"end":{"line":93,"column":22}},"loc":{"start":{"line":93,"column":32},"end":{"line":93,"column":null}},"line":93},"7":{"name":"(anonymous_7)","decl":{"start":{"line":105,"column":21},"end":{"line":105,"column":22}},"loc":{"start":{"line":105,"column":32},"end":{"line":109,"column":null}},"line":105},"8":{"name":"(anonymous_8)","decl":{"start":{"line":112,"column":23},"end":{"line":112,"column":null}},"loc":{"start":{"line":112,"column":23},"end":{"line":120,"column":15}},"line":112},"9":{"name":"(anonymous_9)","decl":{"start":{"line":117,"column":25},"end":{"line":117,"column":null}},"loc":{"start":{"line":117,"column":25},"end":{"line":119,"column":17}},"line":117},"10":{"name":"(anonymous_10)","decl":{"start":{"line":118,"column":25},"end":{"line":118,"column":26}},"loc":{"start":{"line":118,"column":36},"end":{"line":118,"column":null}},"line":118},"11":{"name":"(anonymous_11)","decl":{"start":{"line":123,"column":23},"end":{"line":123,"column":null}},"loc":{"start":{"line":123,"column":23},"end":{"line":132,"column":15}},"line":123},"12":{"name":"(anonymous_12)","decl":{"start":{"line":124,"column":23},"end":{"line":124,"column":24}},"loc":{"start":{"line":124,"column":24},"end":{"line":131,"column":null}},"line":124},"13":{"name":"(anonymous_13)","decl":{"start":{"line":146,"column":21},"end":{"line":146,"column":22}},"loc":{"start":{"line":146,"column":32},"end":{"line":150,"column":null}},"line":146},"14":{"name":"(anonymous_14)","decl":{"start":{"line":152,"column":23},"end":{"line":152,"column":null}},"loc":{"start":{"line":152,"column":23},"end":{"line":160,"column":15}},"line":152},"15":{"name":"(anonymous_15)","decl":{"start":{"line":157,"column":25},"end":{"line":157,"column":null}},"loc":{"start":{"line":157,"column":25},"end":{"line":159,"column":17}},"line":157},"16":{"name":"(anonymous_16)","decl":{"start":{"line":158,"column":25},"end":{"line":158,"column":26}},"loc":{"start":{"line":158,"column":36},"end":{"line":158,"column":null}},"line":158},"17":{"name":"(anonymous_17)","decl":{"start":{"line":163,"column":23},"end":{"line":163,"column":null}},"loc":{"start":{"line":163,"column":23},"end":{"line":172,"column":15}},"line":163},"18":{"name":"(anonymous_18)","decl":{"start":{"line":164,"column":23},"end":{"line":164,"column":24}},"loc":{"start":{"line":164,"column":24},"end":{"line":171,"column":null}},"line":164},"19":{"name":"(anonymous_19)","decl":{"start":{"line":189,"column":21},"end":{"line":189,"column":22}},"loc":{"start":{"line":189,"column":32},"end":{"line":193,"column":null}},"line":189},"20":{"name":"(anonymous_20)","decl":{"start":{"line":195,"column":23},"end":{"line":195,"column":null}},"loc":{"start":{"line":195,"column":23},"end":{"line":203,"column":15}},"line":195},"21":{"name":"(anonymous_21)","decl":{"start":{"line":200,"column":25},"end":{"line":200,"column":null}},"loc":{"start":{"line":200,"column":25},"end":{"line":202,"column":17}},"line":200},"22":{"name":"(anonymous_22)","decl":{"start":{"line":201,"column":25},"end":{"line":201,"column":26}},"loc":{"start":{"line":201,"column":36},"end":{"line":201,"column":null}},"line":201},"23":{"name":"(anonymous_23)","decl":{"start":{"line":206,"column":23},"end":{"line":206,"column":null}},"loc":{"start":{"line":206,"column":23},"end":{"line":215,"column":15}},"line":206},"24":{"name":"(anonymous_24)","decl":{"start":{"line":207,"column":23},"end":{"line":207,"column":24}},"loc":{"start":{"line":207,"column":24},"end":{"line":214,"column":null}},"line":207},"25":{"name":"(anonymous_25)","decl":{"start":{"line":233,"column":19},"end":{"line":233,"column":20}},"loc":{"start":{"line":233,"column":30},"end":{"line":237,"column":null}},"line":233},"26":{"name":"(anonymous_26)","decl":{"start":{"line":240,"column":21},"end":{"line":240,"column":null}},"loc":{"start":{"line":240,"column":21},"end":{"line":242,"column":13}},"line":240},"27":{"name":"(anonymous_27)","decl":{"start":{"line":241,"column":21},"end":{"line":241,"column":22}},"loc":{"start":{"line":241,"column":32},"end":{"line":241,"column":null}},"line":241},"28":{"name":"(anonymous_28)","decl":{"start":{"line":255,"column":12},"end":{"line":255,"column":null}},"loc":{"start":{"line":255,"column":12},"end":{"line":281,"column":5}},"line":255},"29":{"name":"(anonymous_29)","decl":{"start":{"line":260,"column":37},"end":{"line":260,"column":null}},"loc":{"start":{"line":260,"column":37},"end":{"line":275,"column":7}},"line":260},"30":{"name":"(anonymous_30)","decl":{"start":{"line":277,"column":11},"end":{"line":277,"column":null}},"loc":{"start":{"line":277,"column":11},"end":{"line":280,"column":null}},"line":277},"31":{"name":"(anonymous_31)","decl":{"start":{"line":287,"column":12},"end":{"line":287,"column":null}},"loc":{"start":{"line":287,"column":12},"end":{"line":317,"column":5}},"line":287},"32":{"name":"(anonymous_32)","decl":{"start":{"line":288,"column":42},"end":{"line":288,"column":43}},"loc":{"start":{"line":288,"column":43},"end":{"line":310,"column":null}},"line":288},"33":{"name":"(anonymous_33)","decl":{"start":{"line":293,"column":17},"end":{"line":293,"column":18}},"loc":{"start":{"line":293,"column":28},"end":{"line":298,"column":null}},"line":293},"34":{"name":"(anonymous_34)","decl":{"start":{"line":314,"column":11},"end":{"line":314,"column":null}},"loc":{"start":{"line":314,"column":11},"end":{"line":316,"column":null}},"line":314}},"branchMap":{"0":{"loc":{"start":{"line":74,"column":6},"end":{"line":223,"column":null}},"type":"if","locations":[{"start":{"line":74,"column":6},"end":{"line":223,"column":null}},{"start":{},"end":{}}],"line":74},"1":{"loc":{"start":{"line":74,"column":10},"end":{"line":74,"column":57}},"type":"binary-expr","locations":[{"start":{"line":74,"column":10},"end":{"line":74,"column":43}},{"start":{"line":74,"column":43},"end":{"line":74,"column":57}}],"line":74},"2":{"loc":{"start":{"line":81,"column":8},"end":{"line":95,"column":null}},"type":"if","locations":[{"start":{"line":81,"column":8},"end":{"line":95,"column":null}},{"start":{},"end":{}}],"line":81},"3":{"loc":{"start":{"line":81,"column":12},"end":{"line":81,"column":73}},"type":"binary-expr","locations":[{"start":{"line":81,"column":12},"end":{"line":81,"column":43}},{"start":{"line":81,"column":43},"end":{"line":81,"column":55}},{"start":{"line":81,"column":59},"end":{"line":81,"column":73}}],"line":81},"4":{"loc":{"start":{"line":98,"column":8},"end":{"line":136,"column":null}},"type":"if","locations":[{"start":{"line":98,"column":8},"end":{"line":136,"column":null}},{"start":{},"end":{}}],"line":98},"5":{"loc":{"start":{"line":98,"column":12},"end":{"line":98,"column":79}},"type":"binary-expr","locations":[{"start":{"line":98,"column":12},"end":{"line":98,"column":41}},{"start":{"line":98,"column":41},"end":{"line":98,"column":79}}],"line":98},"6":{"loc":{"start":{"line":99,"column":32},"end":{"line":99,"column":59}},"type":"binary-expr","locations":[{"start":{"line":99,"column":32},"end":{"line":99,"column":41}},{"start":{"line":99,"column":45},"end":{"line":99,"column":59}}],"line":99},"7":{"loc":{"start":{"line":102,"column":10},"end":{"line":135,"column":null}},"type":"if","locations":[{"start":{"line":102,"column":10},"end":{"line":135,"column":null}},{"start":{"line":133,"column":17},"end":{"line":135,"column":null}}],"line":102},"8":{"loc":{"start":{"line":102,"column":14},"end":{"line":102,"column":76}},"type":"binary-expr","locations":[{"start":{"line":102,"column":14},"end":{"line":102,"column":31}},{"start":{"line":102,"column":31},"end":{"line":102,"column":76}}],"line":102},"9":{"loc":{"start":{"line":125,"column":16},"end":{"line":129,"column":null}},"type":"if","locations":[{"start":{"line":125,"column":16},"end":{"line":129,"column":null}},{"start":{},"end":{}}],"line":125},"10":{"loc":{"start":{"line":139,"column":8},"end":{"line":174,"column":null}},"type":"if","locations":[{"start":{"line":139,"column":8},"end":{"line":174,"column":null}},{"start":{},"end":{}}],"line":139},"11":{"loc":{"start":{"line":143,"column":10},"end":{"line":173,"column":null}},"type":"if","locations":[{"start":{"line":143,"column":10},"end":{"line":173,"column":null}},{"start":{},"end":{}}],"line":143},"12":{"loc":{"start":{"line":143,"column":14},"end":{"line":143,"column":76}},"type":"binary-expr","locations":[{"start":{"line":143,"column":14},"end":{"line":143,"column":31}},{"start":{"line":143,"column":31},"end":{"line":143,"column":76}}],"line":143},"13":{"loc":{"start":{"line":165,"column":16},"end":{"line":169,"column":null}},"type":"if","locations":[{"start":{"line":165,"column":16},"end":{"line":169,"column":null}},{"start":{},"end":{}}],"line":165},"14":{"loc":{"start":{"line":177,"column":8},"end":{"line":217,"column":null}},"type":"if","locations":[{"start":{"line":177,"column":8},"end":{"line":217,"column":null}},{"start":{},"end":{}}],"line":177},"15":{"loc":{"start":{"line":177,"column":12},"end":{"line":177,"column":74}},"type":"binary-expr","locations":[{"start":{"line":177,"column":12},"end":{"line":177,"column":41}},{"start":{"line":177,"column":41},"end":{"line":177,"column":74}}],"line":177},"16":{"loc":{"start":{"line":181,"column":10},"end":{"line":216,"column":null}},"type":"if","locations":[{"start":{"line":181,"column":10},"end":{"line":216,"column":null}},{"start":{},"end":{}}],"line":181},"17":{"loc":{"start":{"line":181,"column":14},"end":{"line":181,"column":76}},"type":"binary-expr","locations":[{"start":{"line":181,"column":14},"end":{"line":181,"column":31}},{"start":{"line":181,"column":31},"end":{"line":181,"column":76}}],"line":181},"18":{"loc":{"start":{"line":208,"column":16},"end":{"line":212,"column":null}},"type":"if","locations":[{"start":{"line":208,"column":16},"end":{"line":212,"column":null}},{"start":{},"end":{}}],"line":208},"19":{"loc":{"start":{"line":220,"column":8},"end":{"line":222,"column":null}},"type":"if","locations":[{"start":{"line":220,"column":8},"end":{"line":222,"column":null}},{"start":{},"end":{}}],"line":220},"20":{"loc":{"start":{"line":226,"column":6},"end":{"line":244,"column":null}},"type":"if","locations":[{"start":{"line":226,"column":6},"end":{"line":244,"column":null}},{"start":{},"end":{}}],"line":226},"21":{"loc":{"start":{"line":226,"column":10},"end":{"line":226,"column":58}},"type":"binary-expr","locations":[{"start":{"line":226,"column":10},"end":{"line":226,"column":44}},{"start":{"line":226,"column":44},"end":{"line":226,"column":58}}],"line":226},"22":{"loc":{"start":{"line":229,"column":8},"end":{"line":243,"column":null}},"type":"if","locations":[{"start":{"line":229,"column":8},"end":{"line":243,"column":null}},{"start":{},"end":{}}],"line":229},"23":{"loc":{"start":{"line":229,"column":12},"end":{"line":229,"column":73}},"type":"binary-expr","locations":[{"start":{"line":229,"column":12},"end":{"line":229,"column":41}},{"start":{"line":229,"column":41},"end":{"line":229,"column":54}},{"start":{"line":229,"column":58},"end":{"line":229,"column":73}}],"line":229},"24":{"loc":{"start":{"line":262,"column":6},"end":{"line":274,"column":null}},"type":"if","locations":[{"start":{"line":262,"column":6},"end":{"line":274,"column":null}},{"start":{},"end":{}}],"line":262},"25":{"loc":{"start":{"line":264,"column":8},"end":{"line":273,"column":null}},"type":"if","locations":[{"start":{"line":264,"column":8},"end":{"line":273,"column":null}},{"start":{},"end":{}}],"line":264},"26":{"loc":{"start":{"line":292,"column":6},"end":{"line":309,"column":null}},"type":"if","locations":[{"start":{"line":292,"column":6},"end":{"line":309,"column":null}},{"start":{},"end":{}}],"line":292},"27":{"loc":{"start":{"line":292,"column":10},"end":{"line":292,"column":47}},"type":"binary-expr","locations":[{"start":{"line":292,"column":10},"end":{"line":292,"column":22}},{"start":{"line":292,"column":22},"end":{"line":292,"column":47}}],"line":292},"28":{"loc":{"start":{"line":300,"column":8},"end":{"line":306,"column":null}},"type":"if","locations":[{"start":{"line":300,"column":8},"end":{"line":306,"column":null}},{"start":{},"end":{}}],"line":300}},"s":{"0":1,"1":33,"2":33,"3":33,"4":33,"5":33,"6":33,"7":33,"8":23,"9":19,"10":19,"11":19,"12":19,"13":19,"14":4,"15":4,"16":4,"17":4,"18":4,"19":1,"20":1,"21":18,"22":6,"23":6,"24":6,"25":5,"26":5,"27":5,"28":5,"29":3,"30":3,"31":3,"32":1,"33":1,"34":5,"35":1,"36":1,"37":1,"38":1,"39":1,"40":0,"41":1,"42":18,"43":3,"44":3,"45":3,"46":3,"47":3,"48":3,"49":3,"50":2,"51":2,"52":2,"53":1,"54":1,"55":3,"56":1,"57":1,"58":1,"59":1,"60":1,"61":0,"62":18,"63":4,"64":4,"65":4,"66":4,"67":4,"68":4,"69":4,"70":4,"71":3,"72":3,"73":3,"74":1,"75":1,"76":4,"77":1,"78":1,"79":1,"80":1,"81":1,"82":0,"83":18,"84":1,"85":22,"86":3,"87":3,"88":3,"89":3,"90":3,"91":3,"92":3,"93":0,"94":0,"95":33,"96":33,"97":33,"98":33,"99":143,"100":143,"101":0,"102":0,"103":0,"104":33,"105":33,"106":33,"107":33,"108":33,"109":4,"110":4,"111":4,"112":4,"113":4,"114":4,"115":3,"116":4,"117":33,"118":33,"119":33},"f":{"0":33,"1":33,"2":33,"3":23,"4":4,"5":1,"6":1,"7":5,"8":3,"9":1,"10":1,"11":1,"12":1,"13":3,"14":2,"15":1,"16":1,"17":1,"18":1,"19":4,"20":3,"21":1,"22":1,"23":1,"24":1,"25":3,"26":0,"27":0,"28":33,"29":143,"30":33,"31":33,"32":4,"33":4,"34":33},"b":{"0":[19,4],"1":[23,20],"2":[4,15],"3":[19,4,4],"4":[6,12],"5":[18,13],"6":[6,6],"7":[5,1],"8":[6,6],"9":[1,0],"10":[3,15],"11":[3,0],"12":[3,3],"13":[1,0],"14":[4,14],"15":[18,15],"16":[4,0],"17":[4,4],"18":[1,0],"19":[1,17],"20":[3,19],"21":[22,3],"22":[3,0],"23":[3,3,3],"24":[0,143],"25":[0,0],"26":[4,0],"27":[4,4],"28":[3,1]},"meta":{"lastBranch":29,"lastFunction":35,"lastStatement":120,"seen":{"s:47:30:318:Infinity":0,"f:47:30:47:31":0,"s:55:8:55:Infinity":1,"s:56:8:56:Infinity":2,"s:59:2:61:Infinity":3,"f:59:12:59:Infinity":1,"s:60:4:60:Infinity":4,"s:63:2:65:Infinity":5,"f:63:12:63:Infinity":2,"s:64:4:64:Infinity":6,"s:71:8:246:Infinity":7,"f:72:4:72:5":3,"b:74:6:223:Infinity:undefined:undefined:undefined:undefined":0,"s:74:6:223:Infinity":8,"b:74:10:74:43:74:43:74:57":1,"s:75:23:75:Infinity":9,"s:76:29:76:45":10,"s:77:8:77:Infinity":11,"s:78:8:78:Infinity":12,"b:81:8:95:Infinity:undefined:undefined:undefined:undefined":2,"s:81:8:95:Infinity":13,"b:81:12:81:43:81:43:81:55:81:59:81:73":3,"s:82:29:82:Infinity":14,"s:83:10:83:Infinity":15,"s:85:10:89:Infinity":16,"f:85:19:85:20":4,"s:85:30:89:Infinity":17,"s:92:10:94:Infinity":18,"f:92:21:92:Infinity":5,"s:93:12:93:Infinity":19,"f:93:21:93:22":6,"s:93:32:93:Infinity":20,"b:98:8:136:Infinity:undefined:undefined:undefined:undefined":4,"s:98:8:136:Infinity":21,"b:98:12:98:41:98:41:98:79":5,"s:99:32:99:59":22,"b:99:32:99:41:99:45:99:59":6,"s:100:10:100:Infinity":23,"b:102:10:135:Infinity:133:17:135:Infinity":7,"s:102:10:135:Infinity":24,"b:102:14:102:31:102:31:102:76":8,"s:103:12:103:Infinity":25,"s:105:12:109:Infinity":26,"f:105:21:105:22":7,"s:105:32:109:Infinity":27,"s:112:12:120:Infinity":28,"f:112:23:112:Infinity":8,"s:113:14:113:Infinity":29,"s:114:14:114:Infinity":30,"s:117:14:119:Infinity":31,"f:117:25:117:Infinity":9,"s:118:16:118:Infinity":32,"f:118:25:118:26":10,"s:118:36:118:Infinity":33,"s:123:12:132:Infinity":34,"f:123:23:123:Infinity":11,"s:124:14:131:Infinity":35,"f:124:23:124:24":12,"b:125:16:129:Infinity:undefined:undefined:undefined:undefined":9,"s:125:16:129:Infinity":36,"s:126:18:126:Infinity":37,"s:127:18:127:Infinity":38,"s:128:18:128:Infinity":39,"s:130:16:130:Infinity":40,"s:134:12:134:Infinity":41,"b:139:8:174:Infinity:undefined:undefined:undefined:undefined":10,"s:139:8:174:Infinity":42,"s:140:32:140:41":43,"s:141:10:141:Infinity":44,"b:143:10:173:Infinity:undefined:undefined:undefined:undefined":11,"s:143:10:173:Infinity":45,"b:143:14:143:31:143:31:143:76":12,"s:144:12:144:Infinity":46,"s:146:12:150:Infinity":47,"f:146:21:146:22":13,"s:146:32:150:Infinity":48,"s:152:12:160:Infinity":49,"f:152:23:152:Infinity":14,"s:153:14:153:Infinity":50,"s:154:14:154:Infinity":51,"s:157:14:159:Infinity":52,"f:157:25:157:Infinity":15,"s:158:16:158:Infinity":53,"f:158:25:158:26":16,"s:158:36:158:Infinity":54,"s:163:12:172:Infinity":55,"f:163:23:163:Infinity":17,"s:164:14:171:Infinity":56,"f:164:23:164:24":18,"b:165:16:169:Infinity:undefined:undefined:undefined:undefined":13,"s:165:16:169:Infinity":57,"s:166:18:166:Infinity":58,"s:167:18:167:Infinity":59,"s:168:18:168:Infinity":60,"s:170:16:170:Infinity":61,"b:177:8:217:Infinity:undefined:undefined:undefined:undefined":14,"s:177:8:217:Infinity":62,"b:177:12:177:41:177:41:177:74":15,"s:178:32:178:41":63,"s:179:10:179:Infinity":64,"b:181:10:216:Infinity:undefined:undefined:undefined:undefined":16,"s:181:10:216:Infinity":65,"b:181:14:181:31:181:31:181:76":17,"s:182:12:182:Infinity":66,"s:184:12:186:Infinity":67,"s:189:12:193:Infinity":68,"f:189:21:189:22":19,"s:189:32:193:Infinity":69,"s:195:12:203:Infinity":70,"f:195:23:195:Infinity":20,"s:196:14:196:Infinity":71,"s:197:14:197:Infinity":72,"s:200:14:202:Infinity":73,"f:200:25:200:Infinity":21,"s:201:16:201:Infinity":74,"f:201:25:201:26":22,"s:201:36:201:Infinity":75,"s:206:12:215:23":76,"f:206:23:206:Infinity":23,"s:207:14:214:Infinity":77,"f:207:23:207:24":24,"b:208:16:212:Infinity:undefined:undefined:undefined:undefined":18,"s:208:16:212:Infinity":78,"s:209:18:209:Infinity":79,"s:210:18:210:Infinity":80,"s:211:18:211:Infinity":81,"s:213:16:213:Infinity":82,"b:220:8:222:Infinity:undefined:undefined:undefined:undefined":19,"s:220:8:222:Infinity":83,"s:221:10:221:Infinity":84,"b:226:6:244:Infinity:undefined:undefined:undefined:undefined":20,"s:226:6:244:Infinity":85,"b:226:10:226:44:226:44:226:58":21,"s:227:24:227:Infinity":86,"b:229:8:243:Infinity:undefined:undefined:undefined:undefined":22,"s:229:8:243:Infinity":87,"b:229:12:229:41:229:41:229:54:229:58:229:73":23,"s:230:10:230:Infinity":88,"s:232:29:232:Infinity":89,"s:233:10:237:Infinity":90,"f:233:19:233:20":25,"s:233:30:237:Infinity":91,"s:240:10:242:Infinity":92,"f:240:21:240:Infinity":26,"s:241:12:241:Infinity":93,"f:241:21:241:22":27,"s:241:32:241:Infinity":94,"s:254:3:281:Infinity":95,"f:255:12:255:Infinity":28,"s:256:4:256:Infinity":96,"s:259:21:259:Infinity":97,"s:260:25:275:13":98,"f:260:37:260:Infinity":29,"s:261:28:261:Infinity":99,"b:262:6:274:Infinity:undefined:undefined:undefined:undefined":24,"s:262:6:274:Infinity":100,"s:263:8:263:Infinity":101,"b:264:8:273:Infinity:undefined:undefined:undefined:undefined":25,"s:264:8:273:Infinity":102,"s:266:10:272:Infinity":103,"s:277:4:280:Infinity":104,"f:277:11:277:Infinity":30,"s:278:6:278:Infinity":105,"s:279:6:279:Infinity":106,"s:286:3:317:Infinity":107,"f:287:12:287:Infinity":31,"s:288:42:310:Infinity":108,"f:288:42:288:43":32,"s:289:6:289:Infinity":109,"s:290:27:290:39":110,"b:292:6:309:Infinity:undefined:undefined:undefined:undefined":26,"s:292:6:309:Infinity":111,"b:292:10:292:22:292:22:292:47":27,"s:293:8:298:Infinity":112,"f:293:17:293:18":33,"s:293:28:298:Infinity":113,"b:300:8:306:Infinity:undefined:undefined:undefined:undefined":28,"s:300:8:306:Infinity":114,"s:301:10:305:Infinity":115,"s:308:8:308:Infinity":116,"s:312:4:312:Infinity":117,"s:314:4:316:Infinity":118,"f:314:11:314:Infinity":34,"s:315:6:315:Infinity":119}}}
,"/Users/mikeclarkin/Documents/GitHub/obie-v4-3/src/lib/utils.ts": {"path":"/Users/mikeclarkin/Documents/GitHub/obie-v4-3/src/lib/utils.ts","statementMap":{"0":{"start":{"line":5,"column":2},"end":{"line":5,"column":null}}},"fnMap":{"0":{"name":"cn","decl":{"start":{"line":4,"column":16},"end":{"line":4,"column":19}},"loc":{"start":{"line":4,"column":42},"end":{"line":6,"column":null}},"line":4}},"branchMap":{},"s":{"0":1066},"f":{"0":1066},"b":{},"meta":{"lastBranch":0,"lastFunction":1,"lastStatement":1,"seen":{"f:4:16:4:19":0,"s:5:2:5:Infinity":0}}}
}
